<?xml version="1.0" encoding="UTF-8"?>
<testsuite xmlns:xsi="http://www.w3.org/2001/XMLSchema-instance" xsi:noNamespaceSchemaLocation="https://maven.apache.org/surefire/maven-surefire-plugin/xsd/surefire-test-report-3.0.xsd" version="3.0" name="com.order.DoubleElevenCucumberTestRunner" time="0.453" tests="13" errors="0" skipped="0" failures="0">
  <properties>
[...]
</properties>
  <testcase name="Double eleven promotion - exactly 10 items of same product" classname="Double Eleven Promotion" time="0.083"/>
  <testcase name="Double eleven promotion - 12 items of same product" classname="Double Eleven Promotion" time="0.004"/>
  <testcase name="Double eleven promotion - 27 items of same product" classname="Double Eleven Promotion" time="0.003"/>
  <testcase name="Double eleven promotion - 10 different products (no discount)" classname="Double Eleven Promotion" time="0.008"/>
  <testcase name="Double eleven promotion - mixed quantities" classname="Double Eleven Promotion" time="0.003"/>
  <testcase name="Double eleven promotion - multiple sets of 10" classname="Double Eleven Promotion" time="0.002"/>
  <testcase name="Double eleven promotion combined with threshold discount" classname="Double Eleven Promotion" time="0.002"/>
  <testcase name="Double eleven promotion combined with threshold discount - meets threshold" classname="Double Eleven Promotion" time="0.003"/>
  <testcase name="Three promotions stacked - buy one get one + double eleven + threshold discount" classname="Double Eleven Promotion" time="0.004"/>
  <testcase name="Double eleven promotion - boundary test (exactly at threshold)" classname="Double Eleven Promotion" time="0.003"/>
  <testcase name="Double eleven promotion - just below threshold" classname="Double Eleven Promotion" time="0.002"/>
  <testcase name="Double eleven promotion with different threshold amounts" classname="Double Eleven Promotion" time="0.002"/>
  <testcase name="Double eleven promotion - multiple products with different discount groups" classname="Double Eleven Promotion" time="0.003"/>
</testsuite>